<?xml version="1.0" encoding="UTF-8"?>
<!-- Generated by org.testng.reporters.JUnitXMLReporter -->
<testsuite ignored="0" hostname="DESKTOP-NSKERIB" failures="0" tests="4" name="Default test" time="0.141" errors="0" timestamp="2026-03-04T18:11:40 IST">
  <testcase classname="automation.practice.TestA" name="test1" time="0.023"/>
  <testcase classname="automation.practice.TestA" name="test2" time="0.003"/>
  <testcase classname="automation.practice.TestA" name="test3" time="0.006"/>
  <testcase classname="automation.practice.TestA" name="test4" time="0.006"/>
</testsuite> <!-- Default test -->
