<?xml version="1.0" encoding="UTF-8"?>
<!-- Generated by org.testng.reporters.JUnitXMLReporter -->
<testsuite ignored="0" hostname="DESKTOP-NSKERIB" failures="0" tests="16" name="Test" time="0.212" errors="0" timestamp="2026-03-04T18:17:43 IST">
  <testcase classname="automation.practice.TestD" name="test41" time="0.012"/>
  <testcase classname="automation.practice.TestD" name="test42" time="0.003"/>
  <testcase classname="automation.practice.TestD" name="test43" time="0.001"/>
  <testcase classname="automation.practice.TestD" name="test44" time="0.002"/>
  <testcase classname="automation.practice.TestA" name="test1" time="0.001"/>
  <testcase classname="automation.practice.TestA" name="test2" time="0.002"/>
  <testcase classname="automation.practice.TestA" name="test3" time="0.002"/>
  <testcase classname="automation.practice.TestA" name="test4" time="0.002"/>
  <testcase classname="automation.practice.TestB" name="test21" time="0.002"/>
  <testcase classname="automation.practice.TestB" name="test22" time="0.002"/>
  <testcase classname="automation.practice.TestB" name="test23" time="0.001"/>
  <testcase classname="automation.practice.TestB" name="test24" time="0.006"/>
  <testcase classname="automation.practice.TestC" name="test31" time="0.003"/>
  <testcase classname="automation.practice.TestC" name="test32" time="0.005"/>
  <testcase classname="automation.practice.TestC" name="test33" time="0.003"/>
  <testcase classname="automation.practice.TestC" name="test34" time="0.003"/>
</testsuite> <!-- Test -->
