<?xml version="1.0" encoding="UTF-8"?>
<testsuite xmlns:xsi="http://www.w3.org/2001/XMLSchema-instance" xsi:noNamespaceSchemaLocation="https://maven.apache.org/surefire/maven-surefire-plugin/xsd/surefire-test-report.xsd" version="3.0.1" name="TestSuite" time="1.503" tests="16" errors="0" skipped="0" failures="0">
  <properties>
[...]
</properties>
  <testcase name="test41" classname="automation.practice.TestD" time="0.014">
    <system-out><![CDATA[test41
]]></system-out>
    <system-err><![CDATA[SLF4J: Failed to load class "org.slf4j.impl.StaticLoggerBinder".
SLF4J: Defaulting to no-operation (NOP) logger implementation
SLF4J: See http://www.slf4j.org/codes.html#StaticLoggerBinder for further details.
]]></system-err>
  </testcase>
  <testcase name="test42" classname="automation.practice.TestD" time="0.024">
    <system-out><![CDATA[test42
]]></system-out>
  </testcase>
  <testcase name="test43" classname="automation.practice.TestD" time="0.002">
    <system-out><![CDATA[test43
]]></system-out>
  </testcase>
  <testcase name="test44" classname="automation.practice.TestD" time="0.002">
    <system-out><![CDATA[test44
]]></system-out>
  </testcase>
  <testcase name="test1" classname="automation.practice.TestA" time="0.002">
    <system-out><![CDATA[test1
]]></system-out>
  </testcase>
  <testcase name="test2" classname="automation.practice.TestA" time="0.003">
    <system-out><![CDATA[test2
]]></system-out>
  </testcase>
  <testcase name="test3" classname="automation.practice.TestA" time="0.002">
    <system-out><![CDATA[test3
]]></system-out>
  </testcase>
  <testcase name="test4" classname="automation.practice.TestA" time="0.01">
    <system-out><![CDATA[test4
]]></system-out>
  </testcase>
  <testcase name="test21" classname="automation.practice.TestB" time="0.007">
    <system-out><![CDATA[test21
]]></system-out>
  </testcase>
  <testcase name="test22" classname="automation.practice.TestB" time="0.02">
    <system-out><![CDATA[test22
]]></system-out>
  </testcase>
  <testcase name="test23" classname="automation.practice.TestB" time="0.011">
    <system-out><![CDATA[test23
]]></system-out>
  </testcase>
  <testcase name="test24" classname="automation.practice.TestB" time="0.009">
    <system-out><![CDATA[test24
]]></system-out>
  </testcase>
  <testcase name="test31" classname="automation.practice.TestC" time="0.008">
    <system-out><![CDATA[test31
]]></system-out>
  </testcase>
  <testcase name="test32" classname="automation.practice.TestC" time="0.006">
    <system-out><![CDATA[test32
]]></system-out>
  </testcase>
  <testcase name="test33" classname="automation.practice.TestC" time="0.003">
    <system-out><![CDATA[test33
]]></system-out>
  </testcase>
  <testcase name="test34" classname="automation.practice.TestC" time="0.002">
    <system-out><![CDATA[test34
]]></system-out>
  </testcase>
</testsuite>