<?xml version="1.0" encoding="UTF-8"?>
<!-- Generated by org.testng.reporters.JUnitReportReporter -->
<testsuite hostname="DESKTOP-NSKERIB" failures="0" tests="4" name="automation.practice.TestD" time="0.062" errors="0" timestamp="2026-03-04T18:12:14 IST" skipped="0">
  <testcase classname="automation.practice.TestD" name="test41" time="0.024"/>
  <system-out/>
  <testcase classname="automation.practice.TestD" name="test43" time="0.018"/>
  <system-out/>
  <testcase classname="automation.practice.TestD" name="test42" time="0.011"/>
  <system-out/>
  <testcase classname="automation.practice.TestD" name="test44" time="0.009"/>
  <system-out/>
</testsuite> <!-- automation.practice.TestD -->
