<?xml version="1.0" encoding="UTF-8"?>
<!-- Generated by org.testng.reporters.JUnitReportReporter -->
<testsuite hostname="DESKTOP-NSKERIB" failures="0" tests="4" name="automation.practice.TestB" time="0.016" errors="0" timestamp="2026-03-04T18:12:14 IST" skipped="0">
  <testcase classname="automation.practice.TestB" name="test23" time="0.004"/>
  <system-out/>
  <testcase classname="automation.practice.TestB" name="test21" time="0.002"/>
  <system-out/>
  <testcase classname="automation.practice.TestB" name="test22" time="0.003"/>
  <system-out/>
  <testcase classname="automation.practice.TestB" name="test24" time="0.007"/>
  <system-out/>
</testsuite> <!-- automation.practice.TestB -->
