<?xml version="1.0" encoding="UTF-8"?>
<!-- Generated by org.testng.reporters.JUnitReportReporter -->
<testsuite hostname="DESKTOP-NSKERIB" failures="0" tests="4" name="automation.practice.TestA" time="0.025" errors="0" timestamp="2026-03-04T18:12:14 IST" skipped="0">
  <testcase classname="automation.practice.TestA" name="test2" time="0.008"/>
  <system-out/>
  <testcase classname="automation.practice.TestA" name="test3" time="0.003"/>
  <system-out/>
  <testcase classname="automation.practice.TestA" name="test1" time="0.009"/>
  <system-out/>
  <testcase classname="automation.practice.TestA" name="test4" time="0.005"/>
  <system-out/>
</testsuite> <!-- automation.practice.TestA -->
