<?xml version="1.0" encoding="UTF-8"?>
<!-- Generated by org.testng.reporters.JUnitReportReporter -->
<testsuite hostname="DESKTOP-NSKERIB" failures="0" tests="4" name="automation.practice.TestB" time="0.011" errors="0" timestamp="2026-03-04T18:17:43 IST" skipped="0">
  <testcase classname="automation.practice.TestB" name="test23" time="0.001"/>
  <testcase classname="automation.practice.TestB" name="test21" time="0.002"/>
  <testcase classname="automation.practice.TestB" name="test24" time="0.006"/>
  <testcase classname="automation.practice.TestB" name="test22" time="0.002"/>
</testsuite> <!-- automation.practice.TestB -->
