<?xml version="1.0" encoding="UTF-8"?>
<!-- Generated by org.testng.reporters.JUnitReportReporter -->
<testsuite hostname="DESKTOP-NSKERIB" failures="0" tests="4" name="automation.practice.TestC" time="0.014" errors="0" timestamp="2026-03-04T18:17:43 IST" skipped="0">
  <testcase classname="automation.practice.TestC" name="test32" time="0.005"/>
  <testcase classname="automation.practice.TestC" name="test33" time="0.003"/>
  <testcase classname="automation.practice.TestC" name="test34" time="0.003"/>
  <testcase classname="automation.practice.TestC" name="test31" time="0.003"/>
</testsuite> <!-- automation.practice.TestC -->
