<?xml version="1.0" encoding="UTF-8"?>
<!-- Generated by org.testng.reporters.JUnitReportReporter -->
<testsuite hostname="DESKTOP-NSKERIB" failures="0" tests="4" name="automation.practice.TestA" time="0.007" errors="0" timestamp="2026-03-04T18:17:43 IST" skipped="0">
  <testcase classname="automation.practice.TestA" name="test3" time="0.002"/>
  <testcase classname="automation.practice.TestA" name="test1" time="0.001"/>
  <testcase classname="automation.practice.TestA" name="test4" time="0.002"/>
  <testcase classname="automation.practice.TestA" name="test2" time="0.002"/>
</testsuite> <!-- automation.practice.TestA -->
