<?xml version="1.0" encoding="UTF-8"?>
<!-- Generated by org.testng.reporters.JUnitReportReporter -->
<testsuite hostname="DESKTOP-NSKERIB" failures="0" tests="4" name="automation.practice.TestD" time="0.018" errors="0" timestamp="2026-03-04T18:17:43 IST" skipped="0">
  <testcase classname="automation.practice.TestD" name="test43" time="0.001"/>
  <testcase classname="automation.practice.TestD" name="test41" time="0.012"/>
  <testcase classname="automation.practice.TestD" name="test42" time="0.003"/>
  <testcase classname="automation.practice.TestD" name="test44" time="0.002"/>
</testsuite> <!-- automation.practice.TestD -->
